#
# There is insufficient memory for the Java Runtime Environment to continue.
# Native memory allocation (malloc) failed to allocate 32744 bytes for ChunkPool::allocate
# Possible reasons:
#   The system is out of physical RAM or swap space
#   The process is running with CompressedOops enabled, and the Java Heap may be blocking the growth of the native heap
# Possible solutions:
#   Reduce memory load on the system
#   Increase physical memory or swap space
#   Check if swap backing store is full
#   Decrease Java heap size (-Xmx/-Xms)
#   Decrease number of Java threads
#   Decrease Java thread stack sizes (-Xss)
#   Set larger code cache with -XX:ReservedCodeCacheSize=
#   JVM is running with Unscaled Compressed Oops mode in which the Java heap is
#     placed in the first 4GB address space. The Java Heap base address is the
#     maximum limit for the native heap growth. Please use -XX:HeapBaseMinAddress
#     to set the Java Heap base and to place the Java Heap above 4GB virtual address.
# This output file may be truncated or incomplete.
#
#  Out of Memory Error (allocation.cpp:272), pid=88863, tid=0x00007fe0ffefe640
#
# JRE version: OpenJDK Runtime Environment (8.0_292-b10) (build 1.8.0_292-b10)
# Java VM: OpenJDK 64-Bit Server VM (25.292-b10 mixed mode linux-amd64 compressed oops)
# Failed to write core dump. Core dumps have been disabled. To enable core dumping, try "ulimit -c unlimited" before starting Java again
#

---------------  T H R E A D  ---------------

Current thread (0x00007fe13c0cd000):  JavaThread "C1 CompilerThread3" daemon [_thread_in_native, id=88890, stack(0x00007fe0ffdff000,0x00007fe0ffeff000)]

Stack: [0x00007fe0ffdff000,0x00007fe0ffeff000],  sp=0x00007fe0ffefc560,  free space=1013k
Native frames: (J=compiled Java code, j=interpreted, Vv=VM code, C=native code)
V  [libjvm.so+0xb31642]
V  [libjvm.so+0x4e07e7]
V  [libjvm.so+0x2c24c0]
V  [libjvm.so+0x2c1c92]
V  [libjvm.so+0x34ac0d]
V  [libjvm.so+0x341c7d]
V  [libjvm.so+0x34591f]
V  [libjvm.so+0x3471ec]
V  [libjvm.so+0x3479d3]
V  [libjvm.so+0x348017]
V  [libjvm.so+0x344160]
V  [libjvm.so+0x34590f]
V  [libjvm.so+0x3471ec]
V  [libjvm.so+0x3479d3]
V  [libjvm.so+0x348017]
V  [libjvm.so+0x344160]
V  [libjvm.so+0x34590f]
V  [libjvm.so+0x3472cf]
V  [libjvm.so+0x3479d3]
V  [libjvm.so+0x348017]
V  [libjvm.so+0x344160]
V  [libjvm.so+0x34590f]
V  [libjvm.so+0x3472cf]
V  [libjvm.so+0x348bba]
V  [libjvm.so+0x34c46a]
V  [libjvm.so+0x34cff9]
V  [libjvm.so+0x32ed47]
V  [libjvm.so+0x330ec0]
V  [libjvm.so+0x33106a]
V  [libjvm.so+0x3314e0]
V  [libjvm.so+0x331c68]
V  [libjvm.so+0x489b28]
V  [libjvm.so+0x48c478]
V  [libjvm.so+0xacf4c7]
V  [libjvm.so+0xad081a]
V  [libjvm.so+0x95e132]
C  [libpthread.so.0+0x7d7e]


Current CompileTask:
C1:   1838  557   !   3       com.sun.tools.javac.parser.JavaTokenizer::readToken (2243 bytes)


---------------  P R O C E S S  ---------------

Java Threads: ( => current thread )
  0x00007fe13c0da000 JavaThread "Service Thread" daemon [_thread_blocked, id=88891, stack(0x00007fe0ffcfd000,0x00007fe0ffdfe000)]
=>0x00007fe13c0cd000 JavaThread "C1 CompilerThread3" daemon [_thread_in_native, id=88890, stack(0x00007fe0ffdff000,0x00007fe0ffeff000)]
  0x00007fe13c0cb000 JavaThread "C2 CompilerThread2" daemon [_thread_in_native, id=88889, stack(0x00007fe0fff00000,0x00007fe100000000)]
  0x00007fe13c0c9000 JavaThread "C2 CompilerThread1" daemon [_thread_blocked, id=88888, stack(0x00007fe1200c0000,0x00007fe1201c0000)]
  0x00007fe13c0c6000 JavaThread "C2 CompilerThread0" daemon [_thread_blocked, id=88887, stack(0x00007fe128041000,0x00007fe128141000)]
  0x00007fe13c0c3000 JavaThread "Signal Dispatcher" daemon [_thread_blocked, id=88886, stack(0x00007fe128141000,0x00007fe128242000)]
  0x00007fe13c090000 JavaThread "Finalizer" daemon [_thread_blocked, id=88885, stack(0x00007fe1286ec000,0x00007fe1287ed000)]
  0x00007fe13c08b800 JavaThread "Reference Handler" daemon [_thread_blocked, id=88882, stack(0x00007fe1287ed000,0x00007fe1288ee000)]
  0x00007fe13c00b000 JavaThread "main" [_thread_in_vm, id=88872, stack(0x00007fe140719000,0x00007fe140819000)]

Other Threads:
  0x00007fe13c082000 VMThread [stack: 0x00007fe1288ef000,0x00007fe1289ef000] [id=88881]
  0x00007fe13c0dc800 WatcherThread [stack: 0x00007fe0ffbfd000,0x00007fe0ffcfd000] [id=88892]

VM state:not at safepoint (normal execution)

VM Mutex/Monitor currently owned by a thread: None

heap address: 0x0000000083800000, size: 1992 MB, Compressed Oops mode: 32-bit
Narrow klass base: 0x0000000000000000, Narrow klass shift: 3
Compressed class space size: 1073741824 Address: 0x0000000100000000

Heap:
 PSYoungGen      total 7168K, used 6951K [0x00000000d6800000, 0x00000000d7900000, 0x0000000100000000)
  eden space 5632K, 96% used [0x00000000d6800000,0x00000000d6d4a690,0x00000000d6d80000)
  from space 1536K, 99% used [0x00000000d6d80000,0x00000000d6eff8f0,0x00000000d6f00000)
  to   space 3072K, 0% used [0x00000000d7600000,0x00000000d7600000,0x00000000d7900000)
 ParOldGen       total 5632K, used 3329K [0x0000000083800000, 0x0000000083d80000, 0x00000000d6800000)
  object space 5632K, 59% used [0x0000000083800000,0x0000000083b40708,0x0000000083d80000)
 Metaspace       used 7722K, capacity 8436K, committed 8704K, reserved 1056768K
  class space    used 926K, capacity 944K, committed 1024K, reserved 1048576K

Card table byte_map: [0x00007fe12bf87000,0x00007fe12c36c000] byte_map_base: 0x00007fe12bb6b000

Marking Bits: (ParMarkBitMap*) 0x00007fe141984700
 Begin Bits: [0x00007fe1201c0000, 0x00007fe1220e0000)
 End Bits:   [0x00007fe1220e0000, 0x00007fe124000000)

Polling page: 0x00007fe141db0000

CodeCache: size=245760Kb used=2477Kb max_used=2477Kb free=243282Kb
 bounds [0x00007fe12c72c000, 0x00007fe12c99c000, 0x00007fe13b72c000]
 total_blobs=856 nmethods=553 adapters=217
 compilation: enabled

Compilation events (10 events):
Event: 1.778 Thread 0x00007fe13c0cd000 nmethod 550 0x00007fe12c996410 code [0x00007fe12c996620, 0x00007fe12c997178]
Event: 1.788 Thread 0x00007fe13c0cd000  551       3       com.sun.tools.javac.code.Symbol$ClassSymbol::flags (16 bytes)
Event: 1.788 Thread 0x00007fe13c0cd000 nmethod 551 0x00007fe12c9976d0 code [0x00007fe12c997840, 0x00007fe12c997a28]
Event: 1.790 Thread 0x00007fe13c0cd000  552       3       java.io.File::isInvalid (48 bytes)
Event: 1.790 Thread 0x00007fe13c0cd000 nmethod 552 0x00007fe12c997ad0 code [0x00007fe12c997c60, 0x00007fe12c998088]
Event: 1.799 Thread 0x00007fe13c0cd000  553       3       com.sun.tools.javac.jvm.ClassReader::enterClass (30 bytes)
Event: 1.800 Thread 0x00007fe13c0cd000 nmethod 553 0x00007fe12c998190 code [0x00007fe12c998320, 0x00007fe12c9986d8]
Event: 1.815 Thread 0x00007fe13c0cd000  554       3       java.util.regex.Pattern::has (15 bytes)
Event: 1.815 Thread 0x00007fe13c0cd000 nmethod 554 0x00007fe12c998810 code [0x00007fe12c998980, 0x00007fe12c998b30]
Event: 1.831 Thread 0x00007fe13c0cd000  557   !   3       com.sun.tools.javac.parser.JavaTokenizer::readToken (2243 bytes)

GC Heap History (10 events):
Event: 1.247 GC heap before
{Heap before GC invocations=3 (full 0):
 PSYoungGen      total 2048K, used 2016K [0x00000000d6800000, 0x00000000d6c00000, 0x0000000100000000)
  eden space 1536K, 100% used [0x00000000d6800000,0x00000000d6980000,0x00000000d6980000)
  from space 512K, 93% used [0x00000000d6a00000,0x00000000d6a78030,0x00000000d6a80000)
  to   space 512K, 0% used [0x00000000d6980000,0x00000000d6980000,0x00000000d6a00000)
 ParOldGen       total 5632K, used 160K [0x0000000083800000, 0x0000000083d80000, 0x00000000d6800000)
  object space 5632K, 2% used [0x0000000083800000,0x0000000083828000,0x0000000083d80000)
 Metaspace       used 4550K, capacity 5836K, committed 6016K, reserved 1056768K
  class space    used 544K, capacity 584K, committed 640K, reserved 1048576K
Event: 1.255 GC heap after
Heap after GC invocations=3 (full 0):
 PSYoungGen      total 2048K, used 496K [0x00000000d6800000, 0x00000000d6c00000, 0x0000000100000000)
  eden space 1536K, 0% used [0x00000000d6800000,0x00000000d6800000,0x00000000d6980000)
  from space 512K, 96% used [0x00000000d6980000,0x00000000d69fc010,0x00000000d6a00000)
  to   space 512K, 0% used [0x00000000d6b80000,0x00000000d6b80000,0x00000000d6c00000)
 ParOldGen       total 5632K, used 528K [0x0000000083800000, 0x0000000083d80000, 0x00000000d6800000)
  object space 5632K, 9% used [0x0000000083800000,0x0000000083884020,0x0000000083d80000)
 Metaspace       used 4550K, capacity 5836K, committed 6016K, reserved 1056768K
  class space    used 544K, capacity 584K, committed 640K, reserved 1048576K
}
Event: 1.335 GC heap before
{Heap before GC invocations=4 (full 0):
 PSYoungGen      total 2048K, used 2032K [0x00000000d6800000, 0x00000000d6c00000, 0x0000000100000000)
  eden space 1536K, 100% used [0x00000000d6800000,0x00000000d6980000,0x00000000d6980000)
  from space 512K, 96% used [0x00000000d6980000,0x00000000d69fc010,0x00000000d6a00000)
  to   space 512K, 0% used [0x00000000d6b80000,0x00000000d6b80000,0x00000000d6c00000)
 ParOldGen       total 5632K, used 528K [0x0000000083800000, 0x0000000083d80000, 0x00000000d6800000)
  object space 5632K, 9% used [0x0000000083800000,0x0000000083884020,0x0000000083d80000)
 Metaspace       used 5068K, capacity 6348K, committed 6656K, reserved 1056768K
  class space    used 603K, capacity 648K, committed 768K, reserved 1048576K
Event: 1.336 GC heap after
Heap after GC invocations=4 (full 0):
 PSYoungGen      total 3584K, used 496K [0x00000000d6800000, 0x00000000d6c00000, 0x0000000100000000)
  eden space 3072K, 0% used [0x00000000d6800000,0x00000000d6800000,0x00000000d6b00000)
  from space 512K, 96% used [0x00000000d6b80000,0x00000000d6bfc010,0x00000000d6c00000)
  to   space 512K, 0% used [0x00000000d6b00000,0x00000000d6b00000,0x00000000d6b80000)
 ParOldGen       total 5632K, used 552K [0x0000000083800000, 0x0000000083d80000, 0x00000000d6800000)
  object space 5632K, 9% used [0x0000000083800000,0x000000008388a020,0x0000000083d80000)
 Metaspace       used 5068K, capacity 6348K, committed 6656K, reserved 1056768K
  class space    used 603K, capacity 648K, committed 768K, reserved 1048576K
}
Event: 1.428 GC heap before
{Heap before GC invocations=5 (full 0):
 PSYoungGen      total 3584K, used 3568K [0x00000000d6800000, 0x00000000d6c00000, 0x0000000100000000)
  eden space 3072K, 100% used [0x00000000d6800000,0x00000000d6b00000,0x00000000d6b00000)
  from space 512K, 96% used [0x00000000d6b80000,0x00000000d6bfc010,0x00000000d6c00000)
  to   space 512K, 0% used [0x00000000d6b00000,0x00000000d6b00000,0x00000000d6b80000)
 ParOldGen       total 5632K, used 552K [0x0000000083800000, 0x0000000083d80000, 0x00000000d6800000)
  object space 5632K, 9% used [0x0000000083800000,0x000000008388a020,0x0000000083d80000)
 Metaspace       used 6179K, capacity 7372K, committed 7552K, reserved 1056768K
  class space    used 755K, capacity 776K, committed 896K, reserved 1048576K
Event: 1.430 GC heap after
Heap after GC invocations=5 (full 0):
 PSYoungGen      total 3584K, used 512K [0x00000000d6800000, 0x00000000d7000000, 0x0000000100000000)
  eden space 3072K, 0% used [0x00000000d6800000,0x00000000d6800000,0x00000000d6b00000)
  from space 512K, 100% used [0x00000000d6b00000,0x00000000d6b80000,0x00000000d6b80000)
  to   space 1024K, 0% used [0x00000000d6f00000,0x00000000d6f00000,0x00000000d7000000)
 ParOldGen       total 5632K, used 869K [0x0000000083800000, 0x0000000083d80000, 0x00000000d6800000)
  object space 5632K, 15% used [0x0000000083800000,0x00000000838d9540,0x0000000083d80000)
 Metaspace       used 6179K, capacity 7372K, committed 7552K, reserved 1056768K
  class space    used 755K, capacity 776K, committed 896K, reserved 1048576K
}
Event: 1.591 GC heap before
{Heap before GC invocations=6 (full 0):
 PSYoungGen      total 3584K, used 2789K [0x00000000d6800000, 0x00000000d7000000, 0x0000000100000000)
  eden space 3072K, 74% used [0x00000000d6800000,0x00000000d6a395e8,0x00000000d6b00000)
  from space 512K, 100% used [0x00000000d6b00000,0x00000000d6b80000,0x00000000d6b80000)
  to   space 1024K, 0% used [0x00000000d6f00000,0x00000000d6f00000,0x00000000d7000000)
 ParOldGen       total 5632K, used 869K [0x0000000083800000, 0x0000000083d80000, 0x00000000d6800000)
  object space 5632K, 15% used [0x0000000083800000,0x00000000838d9540,0x0000000083d80000)
 Metaspace       used 7230K, capacity 8084K, committed 8448K, reserved 1056768K
  class space    used 875K, capacity 912K, committed 1024K, reserved 1048576K
Event: 1.599 GC heap after
Heap after GC invocations=6 (full 0):
 PSYoungGen      total 6656K, used 992K [0x00000000d6800000, 0x00000000d7100000, 0x0000000100000000)
  eden space 5632K, 0% used [0x00000000d6800000,0x00000000d6800000,0x00000000d6d80000)
  from space 1024K, 96% used [0x00000000d6f00000,0x00000000d6ff8020,0x00000000d7000000)
  to   space 1536K, 0% used [0x00000000d6d80000,0x00000000d6d80000,0x00000000d6f00000)
 ParOldGen       total 5632K, used 877K [0x0000000083800000, 0x0000000083d80000, 0x00000000d6800000)
  object space 5632K, 15% used [0x0000000083800000,0x00000000838db540,0x0000000083d80000)
 Metaspace       used 7230K, capacity 8084K, committed 8448K, reserved 1056768K
  class space    used 875K, capacity 912K, committed 1024K, reserved 1048576K
}
Event: 1.657 GC heap before
{Heap before GC invocations=7 (full 0):
 PSYoungGen      total 6656K, used 6624K [0x00000000d6800000, 0x00000000d7100000, 0x0000000100000000)
  eden space 5632K, 100% used [0x00000000d6800000,0x00000000d6d80000,0x00000000d6d80000)
  from space 1024K, 96% used [0x00000000d6f00000,0x00000000d6ff8020,0x00000000d7000000)
  to   space 1536K, 0% used [0x00000000d6d80000,0x00000000d6d80000,0x00000000d6f00000)
 ParOldGen       total 5632K, used 877K [0x0000000083800000, 0x0000000083d80000, 0x00000000d6800000)
  object space 5632K, 15% used [0x0000000083800000,0x00000000838db540,0x0000000083d80000)
 Metaspace       used 7255K, capacity 8084K, committed 8448K, reserved 1056768K
  class space    used 875K, capacity 912K, committed 1024K, reserved 1048576K
Event: 1.666 GC heap after
Heap after GC invocations=7 (full 0):
 PSYoungGen      total 7168K, used 1534K [0x00000000d6800000, 0x00000000d7900000, 0x0000000100000000)
  eden space 5632K, 0% used [0x00000000d6800000,0x00000000d6800000,0x00000000d6d80000)
  from space 1536K, 99% used [0x00000000d6d80000,0x00000000d6eff8f0,0x00000000d6f00000)
  to   space 3072K, 0% used [0x00000000d7600000,0x00000000d7600000,0x00000000d7900000)
 ParOldGen       total 5632K, used 3329K [0x0000000083800000, 0x0000000083d80000, 0x00000000d6800000)
  object space 5632K, 59% used [0x0000000083800000,0x0000000083b40708,0x0000000083d80000)
 Metaspace       used 7255K, capacity 8084K, committed 8448K, reserved 1056768K
  class space    used 875K, capacity 912K, committed 1024K, reserved 1048576K
}

Deoptimization events (6 events):
Event: 1.489 Thread 0x00007fe13c00b000 Uncommon trap: reason=unstable_if action=reinterpret pc=0x00007fe12c89a494 method=java.lang.String.replace(CC)Ljava/lang/String; @ 2
Event: 1.496 Thread 0x00007fe13c00b000 Uncommon trap: reason=class_check action=maybe_recompile pc=0x00007fe12c8e3fb8 method=sun.misc.URLClassPath.getLoader(I)Lsun/misc/URLClassPath$Loader; @ 94
Event: 1.496 Thread 0x00007fe13c00b000 Uncommon trap: reason=unstable_if action=reinterpret pc=0x00007fe12c8b79f8 method=java.lang.String.indexOf([CII[CIII)I @ 134
Event: 1.523 Thread 0x00007fe13c00b000 Uncommon trap: reason=unstable_if action=reinterpret pc=0x00007fe12c8e8860 method=java.lang.String.<init>([CII)V @ 18
Event: 1.787 Thread 0x00007fe13c00b000 Uncommon trap: reason=class_check action=maybe_recompile pc=0x00007fe12c956794 method=com.sun.tools.javac.util.List.prependList(Lcom/sun/tools/javac/util/List;)Lcom/sun/tools/javac/util/List; @ 1
Event: 1.788 Thread 0x00007fe13c00b000 Uncommon trap: reason=class_check action=maybe_recompile pc=0x00007fe12c956794 method=com.sun.tools.javac.util.List.prependList(Lcom/sun/tools/javac/util/List;)Lcom/sun/tools/javac/util/List; @ 1

Classes redefined (0 events):
No events

Internal exceptions (10 events):
Event: 0.526 Thread 0x00007fe13c00b000 Exception <a 'java/lang/NoSuchMethodError': Method sun.misc.Unsafe.defineClass(Ljava/lang/String;[BII)Ljava/lang/Class; name or signature does not match> (0x00000000d6807cd8) thrown at [/home/adoptopenjdk/workspace/build-scripts/jobs/jdk8u/jdk8u-linux-x64
Event: 0.526 Thread 0x00007fe13c00b000 Exception <a 'java/lang/NoSuchMethodError': Method sun.misc.Unsafe.prefetchRead(Ljava/lang/Object;J)V name or signature does not match> (0x00000000d6807fc0) thrown at [/home/adoptopenjdk/workspace/build-scripts/jobs/jdk8u/jdk8u-linux-x64-hotspot/workspace
Event: 1.052 Thread 0x00007fe13c00b000 Exception <a 'java/security/PrivilegedActionException'> (0x00000000d69589e0) thrown at [/home/adoptopenjdk/workspace/build-scripts/jobs/jdk8u/jdk8u-linux-x64-hotspot/workspace/build/src/hotspot/src/share/vm/prims/jvm.cpp, line 1523]
Event: 1.052 Thread 0x00007fe13c00b000 Exception <a 'java/security/PrivilegedActionException'> (0x00000000d6958dd8) thrown at [/home/adoptopenjdk/workspace/build-scripts/jobs/jdk8u/jdk8u-linux-x64-hotspot/workspace/build/src/hotspot/src/share/vm/prims/jvm.cpp, line 1523]
Event: 1.052 Thread 0x00007fe13c00b000 Exception <a 'java/security/PrivilegedActionException'> (0x00000000d695b428) thrown at [/home/adoptopenjdk/workspace/build-scripts/jobs/jdk8u/jdk8u-linux-x64-hotspot/workspace/build/src/hotspot/src/share/vm/prims/jvm.cpp, line 1523]
Event: 1.052 Thread 0x00007fe13c00b000 Exception <a 'java/security/PrivilegedActionException'> (0x00000000d695b820) thrown at [/home/adoptopenjdk/workspace/build-scripts/jobs/jdk8u/jdk8u-linux-x64-hotspot/workspace/build/src/hotspot/src/share/vm/prims/jvm.cpp, line 1523]
Event: 1.070 Thread 0x00007fe13c00b000 Exception <a 'java/security/PrivilegedActionException'> (0x00000000d68129d0) thrown at [/home/adoptopenjdk/workspace/build-scripts/jobs/jdk8u/jdk8u-linux-x64-hotspot/workspace/build/src/hotspot/src/share/vm/prims/jvm.cpp, line 1523]
Event: 1.070 Thread 0x00007fe13c00b000 Exception <a 'java/security/PrivilegedActionException'> (0x00000000d6812dc8) thrown at [/home/adoptopenjdk/workspace/build-scripts/jobs/jdk8u/jdk8u-linux-x64-hotspot/workspace/build/src/hotspot/src/share/vm/prims/jvm.cpp, line 1523]
Event: 1.632 Thread 0x00007fe13c00b000 Exception <a 'java/io/FileNotFoundException'> (0x00000000d6c07780) thrown at [/home/adoptopenjdk/workspace/build-scripts/jobs/jdk8u/jdk8u-linux-x64-hotspot/workspace/build/src/hotspot/src/share/vm/prims/jni.cpp, line 711]
Event: 1.651 Thread 0x00007fe13c00b000 Exception <a 'java/io/FileNotFoundException'> (0x00000000d6c956e8) thrown at [/home/adoptopenjdk/workspace/build-scripts/jobs/jdk8u/jdk8u-linux-x64-hotspot/workspace/build/src/hotspot/src/share/vm/prims/jni.cpp, line 711]

Events (10 events):
Event: 1.825 loading class java/util/Formatter$Conversion
Event: 1.825 loading class java/util/Formatter$Conversion done
Event: 1.825 loading class java/util/Formattable
Event: 1.825 loading class java/util/Formattable done
Event: 1.825 loading class com/sun/tools/javac/tree/JCTree$JCPolyExpression$PolyKind
Event: 1.825 loading class com/sun/tools/javac/tree/JCTree$JCPolyExpression$PolyKind done
Event: 1.826 loading class com/sun/tools/javac/code/Types$MembersClosureCache$MembersScope$1
Event: 1.826 loading class com/sun/tools/javac/code/Types$MembersClosureCache$MembersScope$1 done
Event: 1.826 loading class javax/lang/model/element/ElementKind
Event: 1.826 loading class javax/lang/model/element/ElementKind done


Dynamic libraries:
83800000-83d80000 rw-p 00000000 00:00 0 
83d80000-d6800000 ---p 00000000 00:00 0 
d6800000-d7900000 rw-p 00000000 00:00 0 
d7900000-100000000 ---p 00000000 00:00 0 
100000000-100100000 rw-p 00000000 00:00 0 
100100000-140000000 ---p 00000000 00:00 0 
55f3d5ba1000-55f3d5ba2000 r-xp 00000000 fe:03 458785                     /opt/openjdk-bin-8.292_p10/bin/javac
55f3d5da1000-55f3d5da2000 r--p 00000000 fe:03 458785                     /opt/openjdk-bin-8.292_p10/bin/javac
55f3d5da2000-55f3d5da3000 rw-p 00001000 fe:03 458785                     /opt/openjdk-bin-8.292_p10/bin/javac
55f3d678a000-55f3d67ab000 rw-p 00000000 00:00 0                          [heap]
7fe0fe60d000-7fe0fe81b000 rw-p 00000000 00:00 0 
7fe0fe81d000-7fe0fe882000 rw-p 00000000 00:00 0 
7fe0fe883000-7fe0fe8d3000 rw-p 00000000 00:00 0 
7fe0fe8d8000-7fe0feb09000 rw-p 00000000 00:00 0 
7fe0feb0b000-7fe0feb60000 rw-p 00000000 00:00 0 
7fe0feb61000-7fe0fece9000 rw-p 00000000 00:00 0 
7fe0fecf0000-7fe0fee22000 rw-p 00000000 00:00 0 
7fe0fee23000-7fe0fef4c000 rw-p 00000000 00:00 0 
7fe0fef53000-7fe0ff0f2000 rw-p 00000000 00:00 0 
7fe0ff0f3000-7fe0ff2ec000 rw-p 00000000 00:00 0 
7fe0ff2f2000-7fe0ff30a000 rw-p 00000000 00:00 0 
7fe0ff30b000-7fe0ff757000 rw-p 00000000 00:00 0 
7fe0ff757000-7fe0ff76e000 r-xp 00000000 fe:03 458917                     /opt/openjdk-bin-8.292_p10/jre/lib/amd64/libnet.so
7fe0ff76e000-7fe0ff96e000 ---p 00017000 fe:03 458917                     /opt/openjdk-bin-8.292_p10/jre/lib/amd64/libnet.so
7fe0ff96e000-7fe0ff96f000 r--p 00017000 fe:03 458917                     /opt/openjdk-bin-8.292_p10/jre/lib/amd64/libnet.so
7fe0ff96f000-7fe0ff970000 rw-p 00018000 fe:03 458917                     /opt/openjdk-bin-8.292_p10/jre/lib/amd64/libnet.so
7fe0ff970000-7fe0ff981000 r-xp 00000000 fe:03 458949                     /opt/openjdk-bin-8.292_p10/jre/lib/amd64/libnio.so
7fe0ff981000-7fe0ffb80000 ---p 00011000 fe:03 458949                     /opt/openjdk-bin-8.292_p10/jre/lib/amd64/libnio.so
7fe0ffb80000-7fe0ffb81000 r--p 00010000 fe:03 458949                     /opt/openjdk-bin-8.292_p10/jre/lib/amd64/libnio.so
7fe0ffb81000-7fe0ffb82000 rw-p 00011000 fe:03 458949                     /opt/openjdk-bin-8.292_p10/jre/lib/amd64/libnio.so
7fe0ffb82000-7fe0ffbfc000 r--s 01106000 fe:03 458755                     /opt/openjdk-bin-8.292_p10/lib/tools.jar
7fe0ffbfc000-7fe0ffbfd000 ---p 00000000 00:00 0 
7fe0ffbfd000-7fe0ffcfd000 rw-p 00000000 00:00 0 
7fe0ffcfd000-7fe0ffd00000 ---p 00000000 00:00 0 
7fe0ffd00000-7fe0ffdfe000 rw-p 00000000 00:00 0 
7fe0ffdfe000-7fe0ffdff000 ---p 00000000 00:00 0 
7fe0ffdff000-7fe0ffe02000 ---p 00000000 00:00 0 
7fe0ffe02000-7fe0ffeff000 rw-p 00000000 00:00 0 
7fe0ffeff000-7fe0fff00000 ---p 00000000 00:00 0 
7fe0fff00000-7fe0fff03000 ---p 00000000 00:00 0 
7fe0fff03000-7fe100000000 rw-p 00000000 00:00 0 
7fe100000000-7fe100021000 rw-p 00000000 00:00 0 
7fe100021000-7fe104000000 ---p 00000000 00:00 0 
7fe104000000-7fe104021000 rw-p 00000000 00:00 0 
7fe104021000-7fe108000000 ---p 00000000 00:00 0 
7fe108000000-7fe108021000 rw-p 00000000 00:00 0 
7fe108021000-7fe10c000000 ---p 00000000 00:00 0 
7fe10c000000-7fe10c021000 rw-p 00000000 00:00 0 
7fe10c021000-7fe110000000 ---p 00000000 00:00 0 
7fe110000000-7fe110021000 rw-p 00000000 00:00 0 
7fe110021000-7fe114000000 ---p 00000000 00:00 0 
7fe114000000-7fe114021000 rw-p 00000000 00:00 0 
7fe114021000-7fe118000000 ---p 00000000 00:00 0 
7fe118000000-7fe118021000 rw-p 00000000 00:00 0 
7fe118021000-7fe11c000000 ---p 00000000 00:00 0 
7fe11c000000-7fe11c021000 rw-p 00000000 00:00 0 
7fe11c021000-7fe120000000 ---p 00000000 00:00 0 
7fe120000000-7fe1200bf000 rw-p 00000000 00:00 0 
7fe1200bf000-7fe1200c0000 ---p 00000000 00:00 0 
7fe1200c0000-7fe1200c3000 ---p 00000000 00:00 0 
7fe1200c3000-7fe124000000 rw-p 00000000 00:00 0 
7fe124000000-7fe124021000 rw-p 00000000 00:00 0 
7fe124021000-7fe128000000 ---p 00000000 00:00 0 
7fe128000000-7fe128040000 rw-p 00000000 00:00 0 
7fe128040000-7fe128041000 ---p 00000000 00:00 0 
7fe128041000-7fe128044000 ---p 00000000 00:00 0 
7fe128044000-7fe128141000 rw-p 00000000 00:00 0 
7fe128141000-7fe128144000 ---p 00000000 00:00 0 
7fe128144000-7fe128242000 rw-p 00000000 00:00 0 
7fe128242000-7fe1286ec000 r--p 00000000 fe:02 40323                      /usr/lib/locale/locale-archive
7fe1286ec000-7fe1286ef000 ---p 00000000 00:00 0 
7fe1286ef000-7fe1287ed000 rw-p 00000000 00:00 0 
7fe1287ed000-7fe1287f0000 ---p 00000000 00:00 0 
7fe1287f0000-7fe1288ee000 rw-p 00000000 00:00 0 
7fe1288ee000-7fe1288ef000 ---p 00000000 00:00 0 
7fe1288ef000-7fe12a660000 rw-p 00000000 00:00 0 
7fe12a660000-7fe12a832000 r--s 03ca4000 fe:03 458965                     /opt/openjdk-bin-8.292_p10/jre/lib/rt.jar
7fe12a832000-7fe12b083000 rw-p 00000000 00:00 0 
7fe12b083000-7fe12b103000 ---p 00000000 00:00 0 
7fe12b103000-7fe12b4e7000 rw-p 00000000 00:00 0 
7fe12b4e7000-7fe12b4e8000 ---p 00000000 00:00 0 
7fe12b4e8000-7fe12b5e8000 rw-p 00000000 00:00 0 
7fe12b5e8000-7fe12b5e9000 ---p 00000000 00:00 0 
7fe12b5e9000-7fe12b6e9000 rw-p 00000000 00:00 0 
7fe12b6e9000-7fe12b6ea000 ---p 00000000 00:00 0 
7fe12b6ea000-7fe12b7ea000 rw-p 00000000 00:00 0 
7fe12b7ea000-7fe12b7eb000 ---p 00000000 00:00 0 
7fe12b7eb000-7fe12b8eb000 rw-p 00000000 00:00 0 
7fe12b8eb000-7fe12b8ec000 ---p 00000000 00:00 0 
7fe12b8ec000-7fe12b9ec000 rw-p 00000000 00:00 0 
7fe12b9ec000-7fe12b9ed000 ---p 00000000 00:00 0 
7fe12b9ed000-7fe12baed000 rw-p 00000000 00:00 0 
7fe12baed000-7fe12baee000 ---p 00000000 00:00 0 
7fe12baee000-7fe12bbee000 rw-p 00000000 00:00 0 
7fe12bbee000-7fe12bbef000 ---p 00000000 00:00 0 
7fe12bbef000-7fe12bcf2000 rw-p 00000000 00:00 0 
7fe12bcf2000-7fe12bf87000 ---p 00000000 00:00 0 
7fe12bf87000-7fe12bf8a000 rw-p 00000000 00:00 0 
7fe12bf8a000-7fe12c21f000 ---p 00000000 00:00 0 
7fe12c21f000-7fe12c228000 rw-p 00000000 00:00 0 
7fe12c228000-7fe12c36b000 ---p 00000000 00:00 0 
7fe12c36b000-7fe12c376000 rw-p 00000000 00:00 0 
7fe12c376000-7fe12c72c000 ---p 00000000 00:00 0 
7fe12c72c000-7fe12c99c000 rwxp 00000000 00:00 0 
7fe12c99c000-7fe13b72c000 ---p 00000000 00:00 0 
7fe13b72c000-7fe13c000000 r--s 00000000 fe:05 1560                       /var/lib/sss/mc/passwd
7fe13c000000-7fe13c5c0000 rw-p 00000000 00:00 0 
7fe13c5c0000-7fe140000000 ---p 00000000 00:00 0 
7fe140000000-7fe140015000 rw-p 00000000 00:00 0 
7fe140015000-7fe14001b000 r--s 000d3000 fe:03 458994                     /opt/openjdk-bin-8.292_p10/jre/lib/jfr.jar
7fe14001b000-7fe14008f000 rw-p 00000000 00:00 0 
7fe14008f000-7fe1400aa000 r-xp 00000000 fe:03 458932                     /opt/openjdk-bin-8.292_p10/jre/lib/amd64/libzip.so
7fe1400aa000-7fe1402a9000 ---p 0001b000 fe:03 458932                     /opt/openjdk-bin-8.292_p10/jre/lib/amd64/libzip.so
7fe1402a9000-7fe1402aa000 r--p 0001a000 fe:03 458932                     /opt/openjdk-bin-8.292_p10/jre/lib/amd64/libzip.so
7fe1402aa000-7fe1402ab000 rw-p 0001b000 fe:03 458932                     /opt/openjdk-bin-8.292_p10/jre/lib/amd64/libzip.so
7fe1402ab000-7fe1402ad000 r--p 00000000 fe:02 40994                      /usr/lib64/libnss_sss.so.2
7fe1402ad000-7fe1402b4000 r-xp 00002000 fe:02 40994                      /usr/lib64/libnss_sss.so.2
7fe1402b4000-7fe1402b6000 r--p 00009000 fe:02 40994                      /usr/lib64/libnss_sss.so.2
7fe1402b6000-7fe1402b7000 r--p 0000a000 fe:02 40994                      /usr/lib64/libnss_sss.so.2
7fe1402b7000-7fe1402b8000 rw-p 0000b000 fe:02 40994                      /usr/lib64/libnss_sss.so.2
7fe1402b8000-7fe1402ba000 r--p 00000000 fe:00 447                        /lib64/libnss_files-2.33.so
7fe1402ba000-7fe1402c0000 r-xp 00002000 fe:00 447                        /lib64/libnss_files-2.33.so
7fe1402c0000-7fe1402c2000 r--p 00008000 fe:00 447                        /lib64/libnss_files-2.33.so
7fe1402c2000-7fe1402c3000 r--p 00009000 fe:00 447                        /lib64/libnss_files-2.33.so
7fe1402c3000-7fe1402c4000 rw-p 0000a000 fe:00 447                        /lib64/libnss_files-2.33.so
7fe1402c4000-7fe1402d4000 rw-p 00000000 00:00 0 
7fe1402d4000-7fe1402fd000 r-xp 00000000 fe:03 458938                     /opt/openjdk-bin-8.292_p10/jre/lib/amd64/libjava.so
7fe1402fd000-7fe1404fc000 ---p 00029000 fe:03 458938                     /opt/openjdk-bin-8.292_p10/jre/lib/amd64/libjava.so
7fe1404fc000-7fe1404fd000 r--p 00028000 fe:03 458938                     /opt/openjdk-bin-8.292_p10/jre/lib/amd64/libjava.so
7fe1404fd000-7fe1404ff000 rw-p 00029000 fe:03 458938                     /opt/openjdk-bin-8.292_p10/jre/lib/amd64/libjava.so
7fe1404ff000-7fe14050c000 r-xp 00000000 fe:03 458925                     /opt/openjdk-bin-8.292_p10/jre/lib/amd64/libverify.so
7fe14050c000-7fe14070b000 ---p 0000d000 fe:03 458925                     /opt/openjdk-bin-8.292_p10/jre/lib/amd64/libverify.so
7fe14070b000-7fe14070d000 r--p 0000c000 fe:03 458925                     /opt/openjdk-bin-8.292_p10/jre/lib/amd64/libverify.so
7fe14070d000-7fe14070e000 rw-p 0000e000 fe:03 458925                     /opt/openjdk-bin-8.292_p10/jre/lib/amd64/libverify.so
7fe14070e000-7fe140710000 r--p 00000000 fe:00 989                        /lib64/librt-2.33.so
7fe140710000-7fe140714000 r-xp 00002000 fe:00 989                        /lib64/librt-2.33.so
7fe140714000-7fe140716000 r--p 00006000 fe:00 989                        /lib64/librt-2.33.so
7fe140716000-7fe140717000 r--p 00007000 fe:00 989                        /lib64/librt-2.33.so
7fe140717000-7fe140718000 rw-p 00008000 fe:00 989                        /lib64/librt-2.33.so
7fe140718000-7fe140719000 ---p 00000000 00:00 0 
7fe140719000-7fe14071c000 ---p 00000000 00:00 0 
7fe14071c000-7fe140819000 rw-p 00000000 00:00 0 
7fe140819000-7fe140826000 r--p 00000000 fe:00 988                        /lib64/libm-2.33.so
7fe140826000-7fe1408c0000 r-xp 0000d000 fe:00 988                        /lib64/libm-2.33.so
7fe1408c0000-7fe140958000 r--p 000a7000 fe:00 988                        /lib64/libm-2.33.so
7fe140958000-7fe140959000 r--p 0013e000 fe:00 988                        /lib64/libm-2.33.so
7fe140959000-7fe14095a000 rw-p 0013f000 fe:00 988                        /lib64/libm-2.33.so
7fe14095a000-7fe1416af000 r-xp 00000000 fe:03 458941                     /opt/openjdk-bin-8.292_p10/jre/lib/amd64/server/libjvm.so
7fe1416af000-7fe1418ae000 ---p 00d55000 fe:03 458941                     /opt/openjdk-bin-8.292_p10/jre/lib/amd64/server/libjvm.so
7fe1418ae000-7fe141945000 r--p 00d54000 fe:03 458941                     /opt/openjdk-bin-8.292_p10/jre/lib/amd64/server/libjvm.so
7fe141945000-7fe14196e000 rw-p 00deb000 fe:03 458941                     /opt/openjdk-bin-8.292_p10/jre/lib/amd64/server/libjvm.so
7fe14196e000-7fe1419a3000 rw-p 00000000 00:00 0 
7fe1419a3000-7fe1419c5000 r--p 00000000 fe:00 987                        /lib64/libc-2.33.so
7fe1419c5000-7fe141b0e000 r-xp 00022000 fe:00 987                        /lib64/libc-2.33.so
7fe141b0e000-7fe141b5a000 r--p 0016b000 fe:00 987                        /lib64/libc-2.33.so
7fe141b5a000-7fe141b5e000 r--p 001b6000 fe:00 987                        /lib64/libc-2.33.so
7fe141b5e000-7fe141b60000 rw-p 001ba000 fe:00 987                        /lib64/libc-2.33.so
7fe141b60000-7fe141b69000 rw-p 00000000 00:00 0 
7fe141b69000-7fe141b6a000 r--p 00000000 fe:00 326                        /lib64/libdl-2.33.so
7fe141b6a000-7fe141b6c000 r-xp 00001000 fe:00 326                        /lib64/libdl-2.33.so
7fe141b6c000-7fe141b6d000 r--p 00003000 fe:00 326                        /lib64/libdl-2.33.so
7fe141b6d000-7fe141b6e000 r--p 00003000 fe:00 326                        /lib64/libdl-2.33.so
7fe141b6e000-7fe141b6f000 rw-p 00004000 fe:00 326                        /lib64/libdl-2.33.so
7fe141b6f000-7fe141b86000 r-xp 00000000 fe:03 458763                     /opt/openjdk-bin-8.292_p10/lib/amd64/jli/libjli.so
7fe141b86000-7fe141d85000 ---p 00017000 fe:03 458763                     /opt/openjdk-bin-8.292_p10/lib/amd64/jli/libjli.so
7fe141d85000-7fe141d86000 r--p 00016000 fe:03 458763                     /opt/openjdk-bin-8.292_p10/lib/amd64/jli/libjli.so
7fe141d86000-7fe141d87000 rw-p 00017000 fe:03 458763                     /opt/openjdk-bin-8.292_p10/lib/amd64/jli/libjli.so
7fe141d87000-7fe141d8d000 r--p 00000000 fe:00 634                        /lib64/libpthread-2.33.so
7fe141d8d000-7fe141d9c000 r-xp 00006000 fe:00 634                        /lib64/libpthread-2.33.so
7fe141d9c000-7fe141da1000 r--p 00015000 fe:00 634                        /lib64/libpthread-2.33.so
7fe141da1000-7fe141da2000 r--p 00019000 fe:00 634                        /lib64/libpthread-2.33.so
7fe141da2000-7fe141da3000 rw-p 0001a000 fe:00 634                        /lib64/libpthread-2.33.so
7fe141da3000-7fe141da7000 rw-p 00000000 00:00 0 
7fe141da7000-7fe141daf000 rw-s 00000000 fe:04 58                         /tmp/hsperfdata_alecortiz/88863
7fe141daf000-7fe141db0000 rw-p 00000000 00:00 0 
7fe141db0000-7fe141db1000 r--p 00000000 00:00 0 
7fe141db1000-7fe141db3000 rw-p 00000000 00:00 0 
7fe141db3000-7fe141db4000 r--p 00000000 fe:00 322                        /lib64/ld-2.33.so
7fe141db4000-7fe141dd8000 r-xp 00001000 fe:00 322                        /lib64/ld-2.33.so
7fe141dd8000-7fe141de2000 r--p 00025000 fe:00 322                        /lib64/ld-2.33.so
7fe141de2000-7fe141de4000 r--p 0002e000 fe:00 322                        /lib64/ld-2.33.so
7fe141de4000-7fe141de6000 rw-p 00030000 fe:00 322                        /lib64/ld-2.33.so
7fff9ca96000-7fff9cab7000 rw-p 00000000 00:00 0                          [stack]
7fff9cbee000-7fff9cbf1000 r--p 00000000 00:00 0                          [vvar]
7fff9cbf1000-7fff9cbf2000 r-xp 00000000 00:00 0                          [vdso]

VM Arguments:
jvm_args: -Dapplication.home=/opt/openjdk-bin-8.292_p10 -Xms8m 
java_command: com.sun.tools.javac.Main ConsoleAPI.java
java_class_path (initial): /opt/openjdk-bin-8.292_p10/lib/tools.jar:/opt/openjdk-bin-8.292_p10/classes
Launcher Type: SUN_STANDARD

Environment Variables:
JAVA_HOME=/etc/java-config-2/current-system-vm
PATH=/usr/local/sbin:/usr/local/bin:/usr/sbin:/usr/bin:/sbin:/bin:/opt/bin
SHELL=/bin/bash

Signal Handlers:
SIGSEGV: [libjvm.so+0xb31f40], sa_mask[0]=11111111011111111101111111111110, sa_flags=SA_RESTART|SA_SIGINFO
SIGBUS: [libjvm.so+0xb31f40], sa_mask[0]=11111111011111111101111111111110, sa_flags=SA_RESTART|SA_SIGINFO
SIGFPE: [libjvm.so+0x95c090], sa_mask[0]=11111111011111111101111111111110, sa_flags=SA_RESTART|SA_SIGINFO
SIGPIPE: [libjvm.so+0x95c090], sa_mask[0]=11111111011111111101111111111110, sa_flags=SA_RESTART|SA_SIGINFO
SIGXFSZ: [libjvm.so+0x95c090], sa_mask[0]=11111111011111111101111111111110, sa_flags=SA_RESTART|SA_SIGINFO
SIGILL: [libjvm.so+0x95c090], sa_mask[0]=11111111011111111101111111111110, sa_flags=SA_RESTART|SA_SIGINFO
SIGUSR1: SIG_DFL, sa_mask[0]=00000000000000000000000000000000, sa_flags=none
SIGUSR2: [libjvm.so+0x95bf60], sa_mask[0]=00000000000000000000000000000000, sa_flags=SA_RESTART|SA_SIGINFO
SIGHUP: [libjvm.so+0x95c580], sa_mask[0]=11111111011111111101111111111110, sa_flags=SA_RESTART|SA_SIGINFO
SIGINT: [libjvm.so+0x95c580], sa_mask[0]=11111111011111111101111111111110, sa_flags=SA_RESTART|SA_SIGINFO
SIGTERM: [libjvm.so+0x95c580], sa_mask[0]=11111111011111111101111111111110, sa_flags=SA_RESTART|SA_SIGINFO
SIGQUIT: [libjvm.so+0x95c580], sa_mask[0]=11111111011111111101111111111110, sa_flags=SA_RESTART|SA_SIGINFO


---------------  S Y S T E M  ---------------

OS:Gentoo Base System release 2.7

uname:Linux 5.4.117-gentoo #1 SMP Wed May 26 14:46:49 PDT 2021 x86_64
libc:glibc 2.33 NPTL 2.33 
rlimit: STACK 8192k, CORE 0k, NPROC 100, NOFILE 4096, AS 4194304k
load average:0.01 0.01 0.00

/proc/meminfo:
MemTotal:        8156072 kB
MemFree:          210776 kB
MemAvailable:    7565360 kB
Buffers:          203092 kB
Cached:          6999900 kB
SwapCached:         3496 kB
Active:          1658624 kB
Inactive:        5691332 kB
Active(anon):      65120 kB
Inactive(anon):    82216 kB
Active(file):    1593504 kB
Inactive(file):  5609116 kB
Unevictable:           0 kB
Mlocked:               0 kB
SwapTotal:       4194300 kB
SwapFree:        4170480 kB
Dirty:                40 kB
Writeback:             0 kB
AnonPages:        130468 kB
Mapped:            72560 kB
Shmem:               260 kB
KReclaimable:     457848 kB
Slab:             498900 kB
SReclaimable:     457848 kB
SUnreclaim:        41052 kB
KernelStack:        5504 kB
PageTables:         3212 kB
NFS_Unstable:          0 kB
Bounce:                0 kB
WritebackTmp:          0 kB
CommitLimit:     8272336 kB
Committed_AS:     483956 kB
VmallocTotal:   34359738367 kB
VmallocUsed:        7960 kB
VmallocChunk:          0 kB
Percpu:            37888 kB
AnonHugePages:     36864 kB
ShmemHugePages:        0 kB
ShmemPmdMapped:        0 kB
FileHugePages:         0 kB
FilePmdMapped:         0 kB
HugePages_Total:       0
HugePages_Free:        0
HugePages_Rsvd:        0
HugePages_Surp:        0
Hugepagesize:       2048 kB
Hugetlb:               0 kB
DirectMap4k:     2101056 kB
DirectMap2M:     6287360 kB
DirectMap1G:     2097152 kB


CPU:total 8 (initial active 8) (1 cores per cpu, 1 threads per core) family 6 model 85 stepping 0, cmov, cx8, fxsr, mmx, sse, sse2, sse3, ssse3, sse4.1, sse4.2, popcnt, avx, avx2, aes, clmul, erms, rtm, 3dnowpref, lzcnt, tsc, tscinvbit, bmi1, bmi2, adx

/proc/cpuinfo:
processor	: 0
vendor_id	: GenuineIntel
cpu family	: 6
model		: 85
model name	: Intel(R) Xeon(R) Gold 6126 CPU @ 2.60GHz
stepping	: 0
microcode	: 0x2006906
cpu MHz		: 2593.906
cache size	: 19712 KB
physical id	: 0
siblings	: 1
core id		: 0
cpu cores	: 1
apicid		: 0
initial apicid	: 0
fpu		: yes
fpu_exception	: yes
cpuid level	: 22
wp		: yes
flags		: fpu vme de pse tsc msr pae mce cx8 apic sep mtrr pge mca cmov pat pse36 clflush mmx fxsr sse sse2 ss syscall nx pdpe1gb rdtscp lm constant_tsc arch_perfmon nopl xtopology tsc_reliable nonstop_tsc cpuid pni pclmulqdq ssse3 fma cx16 pcid sse4_1 sse4_2 x2apic movbe popcnt tsc_deadline_timer aes xsave avx f16c rdrand hypervisor lahf_lm abm 3dnowprefetch cpuid_fault invpcid_single pti ssbd ibrs ibpb stibp fsgsbase tsc_adjust bmi1 hle avx2 smep bmi2 invpcid rtm avx512f avx512dq rdseed adx smap clflushopt clwb avx512cd avx512bw avx512vl xsaveopt xsavec xsaves arat pku ospke flush_l1d arch_capabilities
bugs		: cpu_meltdown spectre_v1 spectre_v2 spec_store_bypass l1tf mds swapgs taa itlb_multihit
bogomips	: 5187.81
clflush size	: 64
cache_alignment	: 64
address sizes	: 43 bits physical, 48 bits virtual
power management:

processor	: 1
vendor_id	: GenuineIntel
cpu family	: 6
model		: 85
model name	: Intel(R) Xeon(R) Gold 6126 CPU @ 2.60GHz
stepping	: 0
microcode	: 0x2006906
cpu MHz		: 2593.906
cache size	: 19712 KB
physical id	: 2
siblings	: 1
core id		: 0
cpu cores	: 1
apicid		: 2
initial apicid	: 2
fpu		: yes
fpu_exception	: yes
cpuid level	: 22
wp		: yes
flags		: fpu vme de pse tsc msr pae mce cx8 apic sep mtrr pge mca cmov pat pse36 clflush mmx fxsr sse sse2 ss syscall nx pdpe1gb rdtscp lm constant_tsc arch_perfmon nopl xtopology tsc_reliable nonstop_tsc cpuid pni pclmulqdq ssse3 fma cx16 pcid sse4_1 sse4_2 x2apic movbe popcnt tsc_deadline_timer aes xsave avx f16c rdrand hypervisor lahf_lm abm 3dnowprefetch cpuid_fault invpcid_single pti ssbd ibrs ibpb stibp fsgsbase tsc_adjust bmi1 hle avx2 smep bmi2 invpcid rtm avx512f avx512dq rdseed adx smap clflushopt clwb avx512cd avx512bw avx512vl xsaveopt xsavec xsaves arat pku ospke flush_l1d arch_capabilities
bugs		: cpu_meltdown spectre_v1 spectre_v2 spec_store_bypass l1tf mds swapgs taa itlb_multihit
bogomips	: 5187.81
clflush size	: 64
cache_alignment	: 64
address sizes	: 43 bits physical, 48 bits virtual
power management:

processor	: 2
vendor_id	: GenuineIntel
cpu family	: 6
model		: 85
model name	: Intel(R) Xeon(R) Gold 6126 CPU @ 2.60GHz
stepping	: 0
microcode	: 0x2006906
cpu MHz		: 2593.906
cache size	: 19712 KB
physical id	: 4
siblings	: 1
core id		: 0
cpu cores	: 1
apicid		: 4
initial apicid	: 4
fpu		: yes
fpu_exception	: yes
cpuid level	: 22
wp		: yes
flags		: fpu vme de pse tsc msr pae mce cx8 apic sep mtrr pge mca cmov pat pse36 clflush mmx fxsr sse sse2 ss syscall nx pdpe1gb rdtscp lm constant_tsc arch_perfmon nopl xtopology tsc_reliable nonstop_tsc cpuid pni pclmulqdq ssse3 fma cx16 pcid sse4_1 sse4_2 x2apic movbe popcnt tsc_deadline_timer aes xsave avx f16c rdrand hypervisor lahf_lm abm 3dnowprefetch cpuid_fault invpcid_single pti ssbd ibrs ibpb stibp fsgsbase tsc_adjust bmi1 hle avx2 smep bmi2 invpcid rtm avx512f avx512dq rdseed adx smap clflushopt clwb avx512cd avx512bw avx512vl xsaveopt xsavec xsaves arat pku ospke flush_l1d arch_capabilities
bugs		: cpu_meltdown spectre_v1 spectre_v2 spec_store_bypass l1tf mds swapgs taa itlb_multihit
bogomips	: 5187.81
clflush size	: 64
cache_alignment	: 64
address sizes	: 43 bits physical, 48 bits virtual
power management:

processor	: 3
vendor_id	: GenuineIntel
cpu family	: 6
model		: 85
model name	: Intel(R) Xeon(R) Gold 6126 CPU @ 2.60GHz
stepping	: 0
microcode	: 0x2006906
cpu MHz		: 2593.906
cache size	: 19712 KB
physical id	: 6
siblings	: 1
core id		: 0
cpu cores	: 1
apicid		: 6
initial apicid	: 6
fpu		: yes
fpu_exception	: yes
cpuid level	: 22
wp		: yes
flags		: fpu vme de pse tsc msr pae mce cx8 apic sep mtrr pge mca cmov pat pse36 clflush mmx fxsr sse sse2 ss syscall nx pdpe1gb rdtscp lm constant_tsc arch_perfmon nopl xtopology tsc_reliable nonstop_tsc cpuid pni pclmulqdq ssse3 fma cx16 pcid sse4_1 sse4_2 x2apic movbe popcnt tsc_deadline_timer aes xsave avx f16c rdrand hypervisor lahf_lm abm 3dnowprefetch cpuid_fault invpcid_single pti ssbd ibrs ibpb stibp fsgsbase tsc_adjust bmi1 hle avx2 smep bmi2 invpcid rtm avx512f avx512dq rdseed adx smap clflushopt clwb avx512cd avx512bw avx512vl xsaveopt xsavec xsaves arat pku ospke flush_l1d arch_capabilities
bugs		: cpu_meltdown spectre_v1 spectre_v2 spec_store_bypass l1tf mds swapgs taa itlb_multihit
bogomips	: 5187.81
clflush size	: 64
cache_alignment	: 64
address sizes	: 43 bits physical, 48 bits virtual
power management:

processor	: 4
vendor_id	: GenuineIntel
cpu family	: 6
model		: 85
model name	: Intel(R) Xeon(R) Gold 6126 CPU @ 2.60GHz
stepping	: 0
microcode	: 0x2006906
cpu MHz		: 2593.906
cache size	: 19712 KB
physical id	: 8
siblings	: 1
core id		: 0
cpu cores	: 1
apicid		: 8
initial apicid	: 8
fpu		: yes
fpu_exception	: yes
cpuid level	: 22
wp		: yes
flags		: fpu vme de pse tsc msr pae mce cx8 apic sep mtrr pge mca cmov pat pse36 clflush mmx fxsr sse sse2 ss syscall nx pdpe1gb rdtscp lm constant_tsc arch_perfmon nopl xtopology tsc_reliable nonstop_tsc cpuid pni pclmulqdq ssse3 fma cx16 pcid sse4_1 sse4_2 x2apic movbe popcnt tsc_deadline_timer aes xsave avx f16c rdrand hypervisor lahf_lm abm 3dnowprefetch cpuid_fault invpcid_single pti ssbd ibrs ibpb stibp fsgsbase tsc_adjust bmi1 hle avx2 smep bmi2 invpcid rtm avx512f avx512dq rdseed adx smap clflushopt clwb avx512cd avx512bw avx512vl xsaveopt xsavec xsaves arat pku ospke flush_l1d arch_capabilities
bugs		: cpu_meltdown spectre_v1 spectre_v2 spec_store_bypass l1tf mds swapgs taa itlb_multihit
bogomips	: 5187.81
clflush size	: 64
cache_alignment	: 64
address sizes	: 43 bits physical, 48 bits virtual
power management:

processor	: 5
vendor_id	: GenuineIntel
cpu family	: 6
model		: 85
model name	: Intel(R) Xeon(R) Gold 6126 CPU @ 2.60GHz
stepping	: 0
microcode	: 0x2006906
cpu MHz		: 2593.906
cache size	: 19712 KB
physical id	: 10
siblings	: 1
core id		: 0
cpu cores	: 1
apicid		: 10
initial apicid	: 10
fpu		: yes
fpu_exception	: yes
cpuid level	: 22
wp		: yes
flags		: fpu vme de pse tsc msr pae mce cx8 apic sep mtrr pge mca cmov pat pse36 clflush mmx fxsr sse sse2 ss syscall nx pdpe1gb rdtscp lm constant_tsc arch_perfmon nopl xtopology tsc_reliable nonstop_tsc cpuid pni pclmulqdq ssse3 fma cx16 pcid sse4_1 sse4_2 x2apic movbe popcnt tsc_deadline_timer aes xsave avx f16c rdrand hypervisor lahf_lm abm 3dnowprefetch cpuid_fault invpcid_single pti ssbd ibrs ibpb stibp fsgsbase tsc_adjust bmi1 hle avx2 smep bmi2 invpcid rtm avx512f avx512dq rdseed adx smap clflushopt clwb avx512cd avx512bw avx512vl xsaveopt xsavec xsaves arat pku ospke flush_l1d arch_capabilities
bugs		: cpu_meltdown spectre_v1 spectre_v2 spec_store_bypass l1tf mds swapgs taa itlb_multihit
bogomips	: 5187.81
clflush size	: 64
cache_alignment	: 64
address sizes	: 43 bits physical, 48 bits virtual
power management:

processor	: 6
vendor_id	: GenuineIntel
cpu family	: 6
model		: 85
model name	: Intel(R) Xeon(R) Gold 6126 CPU @ 2.60GHz
stepping	: 0
microcode	: 0x2006906
cpu MHz		: 2593.906
cache size	: 19712 KB
physical id	: 12
siblings	: 1
core id		: 0
cpu cores	: 1
apicid		: 12
initial apicid	: 12
fpu		: yes
fpu_exception	: yes
cpuid level	: 22
wp		: yes
flags		: fpu vme de pse tsc msr pae mce cx8 apic sep mtrr pge mca cmov pat pse36 clflush mmx fxsr sse sse2 ss syscall nx pdpe1gb rdtscp lm constant_tsc arch_perfmon nopl xtopology tsc_reliable nonstop_tsc cpuid pni pclmulqdq ssse3 fma cx16 pcid sse4_1 sse4_2 x2apic movbe popcnt tsc_deadline_timer aes xsave avx f16c rdrand hypervisor lahf_lm abm 3dnowprefetch cpuid_fault invpcid_single pti ssbd ibrs ibpb stibp fsgsbase tsc_adjust bmi1 hle avx2 smep bmi2 invpcid rtm avx512f avx512dq rdseed adx smap clflushopt clwb avx512cd avx512bw avx512vl xsaveopt xsavec xsaves arat pku ospke flush_l1d arch_capabilities
bugs		: cpu_meltdown spectre_v1 spectre_v2 spec_store_bypass l1tf mds swapgs taa itlb_multihit
bogomips	: 5187.81
clflush size	: 64
cache_alignment	: 64
address sizes	: 43 bits physical, 48 bits virtual
power management:

processor	: 7
vendor_id	: GenuineIntel
cpu family	: 6
model		: 85
model name	: Intel(R) Xeon(R) Gold 6126 CPU @ 2.60GHz
stepping	: 0
microcode	: 0x2006906
cpu MHz		: 2593.906
cache size	: 19712 KB
physical id	: 14
siblings	: 1
core id		: 0
cpu cores	: 1
apicid		: 14
initial apicid	: 14
fpu		: yes
fpu_exception	: yes
cpuid level	: 22
wp		: yes
flags		: fpu vme de pse tsc msr pae mce cx8 apic sep mtrr pge mca cmov pat pse36 clflush mmx fxsr sse sse2 ss syscall nx pdpe1gb rdtscp lm constant_tsc arch_perfmon nopl xtopology tsc_reliable nonstop_tsc cpuid pni pclmulqdq ssse3 fma cx16 pcid sse4_1 sse4_2 x2apic movbe popcnt tsc_deadline_timer aes xsave avx f16c rdrand hypervisor lahf_lm abm 3dnowprefetch cpuid_fault invpcid_single pti ssbd ibrs ibpb stibp fsgsbase tsc_adjust bmi1 hle avx2 smep bmi2 invpcid rtm avx512f avx512dq rdseed adx smap clflushopt clwb avx512cd avx512bw avx512vl xsaveopt xsavec xsaves arat pku ospke flush_l1d arch_capabilities
bugs		: cpu_meltdown spectre_v1 spectre_v2 spec_store_bypass l1tf mds swapgs taa itlb_multihit
bogomips	: 5187.81
clflush size	: 64
cache_alignment	: 64
address sizes	: 43 bits physical, 48 bits virtual
power management:



Memory: 4k page, physical 8156072k(210776k free), swap 4194300k(4170480k free)

vm_info: OpenJDK 64-Bit Server VM (25.292-b10) for linux-amd64 JRE (1.8.0_292-b10), built on Apr 20 2021 21:03:33 by "jenkins" with gcc 7.5.0

time: Thu Oct 21 10:02:28 2021
timezone: PDT
elapsed time: 1.842569 seconds (0d 0h 0m 1s)

